TpTrace Verbose: 0 : 33172, 1, 2020/11/30, 11:04:34.078, 14226505394234, vstest.console.dll, Version: 16.8.0-release-20201022-02
TpTrace Information: 0 : 33172, 1, 2020/11/30, 11:04:34.099, 14226505595065, vstest.console.dll, FilePatternParser: The given file C:\Users\User\source\repos\CapgeminiTDD\TDD.Test\bin\Debug\fine-code-coverage\TDD.Test.dll is a full path.
TpTrace Verbose: 0 : 33172, 1, 2020/11/30, 11:04:34.124, 14226505842107, vstest.console.dll, TestPluginCache.DiscoverTestExtensions: finding test extensions in assemblies ends with: RuntimeProvider.dll TPluginInfo: Microsoft.VisualStudio.TestPlatform.Common.ExtensionFramework.Utilities.TestRuntimePluginInformation TExtension: Microsoft.VisualStudio.TestPlatform.ObjectModel.Host.ITestRuntimeProvider
TpTrace Verbose: 0 : 33172, 1, 2020/11/30, 11:04:34.124, 14226505850260, vstest.console.dll, TestPluginCache.GetExtensionPaths: Filtered extension paths: 
TpTrace Verbose: 0 : 33172, 1, 2020/11/30, 11:04:34.125, 14226505852308, vstest.console.dll, TestPluginCache.GetExtensionPaths: Added default extension paths: C:\Program Files\dotnet\sdk\5.0.100\Extensions\Microsoft.Diagnostics.NETCore.Client.dll
C:\Program Files\dotnet\sdk\5.0.100\Extensions\Microsoft.TestPlatform.Extensions.BlameDataCollector.dll
C:\Program Files\dotnet\sdk\5.0.100\Extensions\Microsoft.TestPlatform.Extensions.EventLogCollector.dll
C:\Program Files\dotnet\sdk\5.0.100\Extensions\Microsoft.TestPlatform.TestHostRuntimeProvider.dll
C:\Program Files\dotnet\sdk\5.0.100\Extensions\Microsoft.VisualStudio.TestPlatform.Extensions.Html.TestLogger.dll
C:\Program Files\dotnet\sdk\5.0.100\Extensions\Microsoft.VisualStudio.TestPlatform.Extensions.Trx.TestLogger.dll
TpTrace Verbose: 0 : 33172, 1, 2020/11/30, 11:04:34.125, 14226505852946, vstest.console.dll, TestPluginCache.GetExtensionPaths: Added unfilterableExtensionPaths: 
TpTrace Information: 0 : 33172, 1, 2020/11/30, 11:04:34.125, 14226505861495, vstest.console.dll, AssemblyResolver.ctor: Creating AssemblyResolver with searchDirectories C:\Program Files\dotnet\sdk\5.0.100\Extensions,C:\Program Files\dotnet\sdk\5.0.100
TpTrace Verbose: 0 : 33172, 1, 2020/11/30, 11:04:34.127, 14226505878430, vstest.console.dll, TestPluginCache.DiscoverTestExtensions: Discovering the extensions using extension path.
TpTrace Verbose: 0 : 33172, 1, 2020/11/30, 11:04:34.127, 14226505880550, vstest.console.dll, TestPluginCache.GetExtensionPaths: Filtered extension paths: 
TpTrace Verbose: 0 : 33172, 1, 2020/11/30, 11:04:34.127, 14226505881036, vstest.console.dll, TestPluginCache.GetExtensionPaths: Added default extension paths: C:\Program Files\dotnet\sdk\5.0.100\Extensions\Microsoft.Diagnostics.NETCore.Client.dll
C:\Program Files\dotnet\sdk\5.0.100\Extensions\Microsoft.TestPlatform.Extensions.BlameDataCollector.dll
C:\Program Files\dotnet\sdk\5.0.100\Extensions\Microsoft.TestPlatform.Extensions.EventLogCollector.dll
C:\Program Files\dotnet\sdk\5.0.100\Extensions\Microsoft.TestPlatform.TestHostRuntimeProvider.dll
C:\Program Files\dotnet\sdk\5.0.100\Extensions\Microsoft.VisualStudio.TestPlatform.Extensions.Html.TestLogger.dll
C:\Program Files\dotnet\sdk\5.0.100\Extensions\Microsoft.VisualStudio.TestPlatform.Extensions.Trx.TestLogger.dll
TpTrace Verbose: 0 : 33172, 1, 2020/11/30, 11:04:34.127, 14226505881407, vstest.console.dll, TestPluginCache.GetExtensionPaths: Added unfilterableExtensionPaths: 
TpTrace Verbose: 0 : 33172, 1, 2020/11/30, 11:04:34.128, 14226505882007, vstest.console.dll, TestPluginCache.DiscoverTestExtensions: Discovering the extensions using allExtensionPaths: C:\Program Files\dotnet\sdk\5.0.100\Extensions\Microsoft.Diagnostics.NETCore.Client.dll
C:\Program Files\dotnet\sdk\5.0.100\Extensions\Microsoft.TestPlatform.Extensions.BlameDataCollector.dll
C:\Program Files\dotnet\sdk\5.0.100\Extensions\Microsoft.TestPlatform.Extensions.EventLogCollector.dll
C:\Program Files\dotnet\sdk\5.0.100\Extensions\Microsoft.TestPlatform.TestHostRuntimeProvider.dll
C:\Program Files\dotnet\sdk\5.0.100\Extensions\Microsoft.VisualStudio.TestPlatform.Extensions.Html.TestLogger.dll
C:\Program Files\dotnet\sdk\5.0.100\Extensions\Microsoft.VisualStudio.TestPlatform.Extensions.Trx.TestLogger.dll
TpTrace Information: 0 : 33172, 1, 2020/11/30, 11:04:34.128, 14226505883600, vstest.console.dll, AssemblyResolver.AddSearchDirectories: Adding more searchDirectories C:\Program Files\dotnet\sdk\5.0.100\Extensions,C:\Program Files\dotnet\sdk\5.0.100
TpTrace Information: 0 : 33172, 1, 2020/11/30, 11:04:34.128, 14226505884311, vstest.console.dll, AssemblyResolver.AddSearchDirectories: Adding more searchDirectories C:\Program Files\dotnet\sdk\5.0.100\Extensions,C:\Program Files\dotnet\sdk\5.0.100
TpTrace Information: 0 : 33172, 1, 2020/11/30, 11:04:34.128, 14226505884761, vstest.console.dll, AssemblyResolver.AddSearchDirectories: Adding more searchDirectories C:\Program Files\dotnet\sdk\5.0.100\Extensions,C:\Program Files\dotnet\sdk\5.0.100
TpTrace Information: 0 : 33172, 1, 2020/11/30, 11:04:34.128, 14226505885397, vstest.console.dll, AssemblyResolver.AddSearchDirectories: Adding more searchDirectories C:\Program Files\dotnet\sdk\5.0.100\Extensions,C:\Program Files\dotnet\sdk\5.0.100
TpTrace Information: 0 : 33172, 1, 2020/11/30, 11:04:34.128, 14226505886003, vstest.console.dll, AssemblyResolver.AddSearchDirectories: Adding more searchDirectories C:\Program Files\dotnet\sdk\5.0.100\Extensions,C:\Program Files\dotnet\sdk\5.0.100
TpTrace Information: 0 : 33172, 1, 2020/11/30, 11:04:34.128, 14226505886635, vstest.console.dll, AssemblyResolver.AddSearchDirectories: Adding more searchDirectories C:\Program Files\dotnet\sdk\5.0.100\Extensions,C:\Program Files\dotnet\sdk\5.0.100
TpTrace Information: 0 : 33172, 1, 2020/11/30, 11:04:34.129, 14226505891969, vstest.console.dll, AssemblyResolver.OnResolve: Microsoft.Diagnostics.NETCore.Client: Resolving assembly.
TpTrace Information: 0 : 33172, 1, 2020/11/30, 11:04:34.131, 14226505920470, vstest.console.dll, AssemblyResolver.OnResolve: Resolved assembly: Microsoft.Diagnostics.NETCore.Client, from path: C:\Program Files\dotnet\sdk\5.0.100\Extensions\Microsoft.Diagnostics.NETCore.Client.dll
TpTrace Information: 0 : 33172, 1, 2020/11/30, 11:04:34.135, 14226505959001, vstest.console.dll, AssemblyResolver.OnResolve: Microsoft.Bcl.AsyncInterfaces: Resolving assembly.
TpTrace Information: 0 : 33172, 1, 2020/11/30, 11:04:34.135, 14226505961460, vstest.console.dll, AssemblyResolver.OnResolve: Microsoft.Bcl.AsyncInterfaces: Failed to load assembly.
TpTrace Verbose: 0 : 33172, 1, 2020/11/30, 11:04:34.136, 14226505961962, vstest.console.dll, CurrentDomain_AssemblyResolve: Resolving assembly 'Microsoft.Bcl.AsyncInterfaces'.
TpTrace Information: 0 : 33172, 1, 2020/11/30, 11:04:34.136, 14226505962686, vstest.console.dll, AssemblyResolver.OnResolve: Microsoft.Bcl.AsyncInterfaces: Resolving assembly.
TpTrace Information: 0 : 33172, 1, 2020/11/30, 11:04:34.136, 14226505963075, vstest.console.dll, AssemblyResolver.OnResolve: Microsoft.Bcl.AsyncInterfaces: Resolved from cache.
TpTrace Verbose: 0 : 33172, 1, 2020/11/30, 11:04:34.136, 14226505963376, vstest.console.dll, CurrentDomain_AssemblyResolve: Resolving assembly 'Microsoft.Bcl.AsyncInterfaces'.
TpTrace Verbose: 0 : 33172, 1, 2020/11/30, 11:04:34.136, 14226505963752, vstest.console.dll, CurrentDomainAssemblyResolve: Failed to resolve assembly 'Microsoft.Bcl.AsyncInterfaces'.
TpTrace Verbose: 0 : 33172, 1, 2020/11/30, 11:04:34.137, 14226505974010, vstest.console.dll, CurrentDomainAssemblyResolve: Failed to resolve assembly 'Microsoft.Bcl.AsyncInterfaces'.
TpTrace Warning: 0 : 33172, 1, 2020/11/30, 11:04:34.161, 14226506218929, vstest.console.dll, TestPluginDiscoverer: Failed to get types from assembly 'Microsoft.Diagnostics.NETCore.Client, Version=0.2.2.41902, Culture=neutral, PublicKeyToken=31bf3856ad364e35'.  Skipping test extension scan for this assembly.  Error: System.Reflection.ReflectionTypeLoadException: Unable to load one or more of the requested types.
Could not load file or assembly 'Microsoft.Bcl.AsyncInterfaces, Version=1.0.0.0, Culture=neutral, PublicKeyToken=cc7b13ffcd2ddd51'. O sistema não pode encontrar o arquivo especificado.
   at System.Reflection.RuntimeModule.GetTypes(RuntimeModule module)
   at System.Reflection.RuntimeModule.GetTypes()
   at System.Reflection.Assembly.GetTypes()
   at Microsoft.VisualStudio.TestPlatform.Common.ExtensionFramework.TestPluginDiscoverer.GetTestExtensionsFromAssembly[TPluginInfo,TExtension](Assembly assembly, Dictionary`2 pluginInfos)
System.IO.FileNotFoundException: Could not load file or assembly 'Microsoft.Bcl.AsyncInterfaces, Version=1.0.0.0, Culture=neutral, PublicKeyToken=cc7b13ffcd2ddd51'. O sistema não pode encontrar o arquivo especificado.
File name: 'Microsoft.Bcl.AsyncInterfaces, Version=1.0.0.0, Culture=neutral, PublicKeyToken=cc7b13ffcd2ddd51'
TpTrace Warning: 0 : 33172, 1, 2020/11/30, 11:04:34.162, 14226506222397, vstest.console.dll, LoaderExceptions: System.IO.FileNotFoundException: Could not load file or assembly 'Microsoft.Bcl.AsyncInterfaces, Version=1.0.0.0, Culture=neutral, PublicKeyToken=cc7b13ffcd2ddd51'. O sistema não pode encontrar o arquivo especificado.
File name: 'Microsoft.Bcl.AsyncInterfaces, Version=1.0.0.0, Culture=neutral, PublicKeyToken=cc7b13ffcd2ddd51'
TpTrace Information: 0 : 33172, 1, 2020/11/30, 11:04:34.162, 14226506223517, vstest.console.dll, AssemblyResolver.OnResolve: Microsoft.TestPlatform.Extensions.BlameDataCollector: Resolving assembly.
TpTrace Information: 0 : 33172, 1, 2020/11/30, 11:04:34.163, 14226506235129, vstest.console.dll, AssemblyResolver.OnResolve: Resolved assembly: Microsoft.TestPlatform.Extensions.BlameDataCollector, from path: C:\Program Files\dotnet\sdk\5.0.100\Extensions\Microsoft.TestPlatform.Extensions.BlameDataCollector.dll
TpTrace Information: 0 : 33172, 1, 2020/11/30, 11:04:34.164, 14226506243428, vstest.console.dll, AssemblyResolver.OnResolve: Microsoft.TestPlatform.Extensions.EventLogCollector: Resolving assembly.
TpTrace Information: 0 : 33172, 1, 2020/11/30, 11:04:34.165, 14226506252380, vstest.console.dll, AssemblyResolver.OnResolve: Resolved assembly: Microsoft.TestPlatform.Extensions.EventLogCollector, from path: C:\Program Files\dotnet\sdk\5.0.100\Extensions\Microsoft.TestPlatform.Extensions.EventLogCollector.dll
TpTrace Information: 0 : 33172, 1, 2020/11/30, 11:04:34.168, 14226506283343, vstest.console.dll, AssemblyResolver.OnResolve: Microsoft.TestPlatform.TestHostRuntimeProvider: Resolving assembly.
TpTrace Information: 0 : 33172, 1, 2020/11/30, 11:04:34.169, 14226506293858, vstest.console.dll, AssemblyResolver.OnResolve: Resolved assembly: Microsoft.TestPlatform.TestHostRuntimeProvider, from path: C:\Program Files\dotnet\sdk\5.0.100\Extensions\Microsoft.TestPlatform.TestHostRuntimeProvider.dll
TpTrace Information: 0 : 33172, 1, 2020/11/30, 11:04:34.171, 14226506313272, vstest.console.dll, AssemblyResolver.OnResolve: Microsoft.VisualStudio.TestPlatform.Extensions.Html.TestLogger: Resolving assembly.
TpTrace Information: 0 : 33172, 1, 2020/11/30, 11:04:34.172, 14226506326460, vstest.console.dll, AssemblyResolver.OnResolve: Resolved assembly: Microsoft.VisualStudio.TestPlatform.Extensions.Html.TestLogger, from path: C:\Program Files\dotnet\sdk\5.0.100\Extensions\Microsoft.VisualStudio.TestPlatform.Extensions.Html.TestLogger.dll
TpTrace Information: 0 : 33172, 1, 2020/11/30, 11:04:34.172, 14226506329251, vstest.console.dll, AssemblyResolver.OnResolve: Microsoft.VisualStudio.TestPlatform.Extensions.Trx.TestLogger: Resolving assembly.
TpTrace Information: 0 : 33172, 1, 2020/11/30, 11:04:34.173, 14226506339569, vstest.console.dll, AssemblyResolver.OnResolve: Resolved assembly: Microsoft.VisualStudio.TestPlatform.Extensions.Trx.TestLogger, from path: C:\Program Files\dotnet\sdk\5.0.100\Extensions\Microsoft.VisualStudio.TestPlatform.Extensions.Trx.TestLogger.dll
TpTrace Verbose: 0 : 33172, 1, 2020/11/30, 11:04:34.175, 14226506359041, vstest.console.dll, TestPluginCache: Discovered the extensions using extension path ''.
TpTrace Verbose: 0 : 33172, 1, 2020/11/30, 11:04:34.175, 14226506359965, vstest.console.dll, TestPluginCache: Discoverers are ''.
TpTrace Verbose: 0 : 33172, 1, 2020/11/30, 11:04:34.175, 14226506360264, vstest.console.dll, TestPluginCache: Executors are ''.
TpTrace Verbose: 0 : 33172, 1, 2020/11/30, 11:04:34.175, 14226506361012, vstest.console.dll, TestPluginCache: Executors2 are ''.
TpTrace Verbose: 0 : 33172, 1, 2020/11/30, 11:04:34.175, 14226506361332, vstest.console.dll, TestPluginCache: Setting providers are ''.
TpTrace Verbose: 0 : 33172, 1, 2020/11/30, 11:04:34.176, 14226506361640, vstest.console.dll, TestPluginCache: Loggers are ''.
TpTrace Information: 0 : 33172, 1, 2020/11/30, 11:04:34.182, 14226506427276, vstest.console.dll, RunTestsArgumentProcessor:Execute: Test run is starting.
TpTrace Verbose: 0 : 33172, 1, 2020/11/30, 11:04:34.182, 14226506428498, vstest.console.dll, RunTestsArgumentProcessor:Execute: Queuing Test run.
TpTrace Information: 0 : 33172, 1, 2020/11/30, 11:04:34.182, 14226506430897, vstest.console.dll, TestRequestManager.RunTests: run tests started.
TpTrace Information: 0 : 33172, 1, 2020/11/30, 11:04:34.186, 14226506467659, vstest.console.dll, AssemblyMetadataProvider.GetFrameWork: Determined framework:'.NETCoreApp,Version=v3.1' for source: 'C:\Users\User\source\repos\CapgeminiTDD\TDD.Test\bin\Debug\fine-code-coverage\TDD.Test.dll'
TpTrace Information: 0 : 33172, 1, 2020/11/30, 11:04:34.186, 14226506469080, vstest.console.dll, Determined framework for all sources: .NETCoreApp,Version=v3.1
TpTrace Information: 0 : 33172, 1, 2020/11/30, 11:04:34.187, 14226506472491, vstest.console.dll, AssemblyMetadataProvider.GetArchitecture: Determined architecture:AnyCPU info for assembly: C:\Users\User\source\repos\CapgeminiTDD\TDD.Test\bin\Debug\fine-code-coverage\TDD.Test.dll
TpTrace Information: 0 : 33172, 1, 2020/11/30, 11:04:34.188, 14226506488868, vstest.console.dll, Determined platform for all sources: X64
TpTrace Information: 0 : 33172, 1, 2020/11/30, 11:04:34.192, 14226506525632, vstest.console.dll, Compatible sources list : 
TpTrace Information: 0 : 33172, 1, 2020/11/30, 11:04:34.192, 14226506526740, vstest.console.dll, C:\Users\User\source\repos\CapgeminiTDD\TDD.Test\bin\Debug\fine-code-coverage\TDD.Test.dll
TpTrace Information: 0 : 33172, 1, 2020/11/30, 11:04:34.194, 14226506543854, vstest.console.dll, InferRunSettingsHelper.IsTestSettingsEnabled: Unable to navigate to RunSettings/MSTest. Current node: RunSettings
TpTrace Information: 0 : 33172, 1, 2020/11/30, 11:04:34.194, 14226506550960, vstest.console.dll, AssemblyResolver.OnResolve: Microsoft.VisualStudio.TestPlatform.Fakes: Resolving assembly.
TpTrace Information: 0 : 33172, 1, 2020/11/30, 11:04:34.195, 14226506553335, vstest.console.dll, AssemblyResolver.OnResolve: Microsoft.VisualStudio.TestPlatform.Fakes: Failed to load assembly.
TpTrace Information: 0 : 33172, 1, 2020/11/30, 11:04:34.195, 14226506556429, vstest.console.dll, Failed to create newly implemented Fakes Configurator. Reason:System.IO.FileNotFoundException: Could not load file or assembly 'Microsoft.VisualStudio.TestPlatform.Fakes, Version=16.0.0.0, Culture=neutral, PublicKeyToken=null'. O sistema não pode encontrar o arquivo especificado.
File name: 'Microsoft.VisualStudio.TestPlatform.Fakes, Version=16.0.0.0, Culture=neutral, PublicKeyToken=null'
   at System.Reflection.RuntimeAssembly.InternalLoad(ObjectHandleOnStack assemblyName, ObjectHandleOnStack requestingAssembly, StackCrawlMarkHandle stackMark, Boolean throwOnFileNotFound, ObjectHandleOnStack assemblyLoadContext, ObjectHandleOnStack retAssembly)
   at System.Reflection.RuntimeAssembly.InternalLoad(AssemblyName assemblyName, RuntimeAssembly requestingAssembly, StackCrawlMark& stackMark, Boolean throwOnFileNotFound, AssemblyLoadContext assemblyLoadContext)
   at System.Reflection.Assembly.Load(String assemblyString)
   at Microsoft.VisualStudio.TestPlatform.Common.Utilities.FakesUtilities.TryGetFakesCrossPlatformDataCollectorConfigurator() 
TpTrace Verbose: 0 : 33172, 1, 2020/11/30, 11:04:34.199, 14226506597765, vstest.console.dll, TestPluginCache.DiscoverTestExtensions: finding test extensions in assemblies ends with: TestLogger.dll TPluginInfo: Microsoft.VisualStudio.TestPlatform.Common.ExtensionFramework.Utilities.TestLoggerPluginInformation TExtension: Microsoft.VisualStudio.TestPlatform.ObjectModel.Client.ITestLogger
TpTrace Verbose: 0 : 33172, 1, 2020/11/30, 11:04:34.199, 14226506601244, vstest.console.dll, TestPluginCache.GetExtensionPaths: Filtered extension paths: 
TpTrace Verbose: 0 : 33172, 1, 2020/11/30, 11:04:34.200, 14226506602150, vstest.console.dll, TestPluginCache.GetExtensionPaths: Added default extension paths: C:\Program Files\dotnet\sdk\5.0.100\Extensions\Microsoft.Diagnostics.NETCore.Client.dll
C:\Program Files\dotnet\sdk\5.0.100\Extensions\Microsoft.TestPlatform.Extensions.BlameDataCollector.dll
C:\Program Files\dotnet\sdk\5.0.100\Extensions\Microsoft.TestPlatform.Extensions.EventLogCollector.dll
C:\Program Files\dotnet\sdk\5.0.100\Extensions\Microsoft.TestPlatform.TestHostRuntimeProvider.dll
C:\Program Files\dotnet\sdk\5.0.100\Extensions\Microsoft.VisualStudio.TestPlatform.Extensions.Html.TestLogger.dll
C:\Program Files\dotnet\sdk\5.0.100\Extensions\Microsoft.VisualStudio.TestPlatform.Extensions.Trx.TestLogger.dll
TpTrace Verbose: 0 : 33172, 1, 2020/11/30, 11:04:34.200, 14226506602798, vstest.console.dll, TestPluginCache.GetExtensionPaths: Added unfilterableExtensionPaths: 
TpTrace Information: 0 : 33172, 1, 2020/11/30, 11:04:34.200, 14226506605070, vstest.console.dll, AssemblyResolver.AddSearchDirectories: Adding more searchDirectories C:\Program Files\dotnet\sdk\5.0.100\Extensions,C:\Program Files\dotnet\sdk\5.0.100
TpTrace Verbose: 0 : 33172, 1, 2020/11/30, 11:04:34.200, 14226506605745, vstest.console.dll, TestPluginCache.DiscoverTestExtensions: Discovering the extensions using extension path.
TpTrace Verbose: 0 : 33172, 1, 2020/11/30, 11:04:34.200, 14226506606177, vstest.console.dll, TestPluginCache.GetExtensionPaths: Filtered extension paths: 
TpTrace Verbose: 0 : 33172, 1, 2020/11/30, 11:04:34.200, 14226506606736, vstest.console.dll, TestPluginCache.GetExtensionPaths: Added default extension paths: C:\Program Files\dotnet\sdk\5.0.100\Extensions\Microsoft.Diagnostics.NETCore.Client.dll
C:\Program Files\dotnet\sdk\5.0.100\Extensions\Microsoft.TestPlatform.Extensions.BlameDataCollector.dll
C:\Program Files\dotnet\sdk\5.0.100\Extensions\Microsoft.TestPlatform.Extensions.EventLogCollector.dll
C:\Program Files\dotnet\sdk\5.0.100\Extensions\Microsoft.TestPlatform.TestHostRuntimeProvider.dll
C:\Program Files\dotnet\sdk\5.0.100\Extensions\Microsoft.VisualStudio.TestPlatform.Extensions.Html.TestLogger.dll
C:\Program Files\dotnet\sdk\5.0.100\Extensions\Microsoft.VisualStudio.TestPlatform.Extensions.Trx.TestLogger.dll
TpTrace Verbose: 0 : 33172, 1, 2020/11/30, 11:04:34.200, 14226506607490, vstest.console.dll, TestPluginCache.GetExtensionPaths: Added unfilterableExtensionPaths: 
TpTrace Verbose: 0 : 33172, 1, 2020/11/30, 11:04:34.200, 14226506608033, vstest.console.dll, TestPluginCache.DiscoverTestExtensions: Discovering the extensions using allExtensionPaths: C:\Program Files\dotnet\sdk\5.0.100\Extensions\Microsoft.Diagnostics.NETCore.Client.dll
C:\Program Files\dotnet\sdk\5.0.100\Extensions\Microsoft.TestPlatform.Extensions.BlameDataCollector.dll
C:\Program Files\dotnet\sdk\5.0.100\Extensions\Microsoft.TestPlatform.Extensions.EventLogCollector.dll
C:\Program Files\dotnet\sdk\5.0.100\Extensions\Microsoft.TestPlatform.TestHostRuntimeProvider.dll
C:\Program Files\dotnet\sdk\5.0.100\Extensions\Microsoft.VisualStudio.TestPlatform.Extensions.Html.TestLogger.dll
C:\Program Files\dotnet\sdk\5.0.100\Extensions\Microsoft.VisualStudio.TestPlatform.Extensions.Trx.TestLogger.dll
TpTrace Information: 0 : 33172, 1, 2020/11/30, 11:04:34.200, 14226506608823, vstest.console.dll, AssemblyResolver.AddSearchDirectories: Adding more searchDirectories C:\Program Files\dotnet\sdk\5.0.100\Extensions,C:\Program Files\dotnet\sdk\5.0.100
TpTrace Information: 0 : 33172, 1, 2020/11/30, 11:04:34.200, 14226506609399, vstest.console.dll, AssemblyResolver.AddSearchDirectories: Adding more searchDirectories C:\Program Files\dotnet\sdk\5.0.100\Extensions,C:\Program Files\dotnet\sdk\5.0.100
TpTrace Information: 0 : 33172, 1, 2020/11/30, 11:04:34.200, 14226506609968, vstest.console.dll, AssemblyResolver.AddSearchDirectories: Adding more searchDirectories C:\Program Files\dotnet\sdk\5.0.100\Extensions,C:\Program Files\dotnet\sdk\5.0.100
TpTrace Information: 0 : 33172, 1, 2020/11/30, 11:04:34.200, 14226506610642, vstest.console.dll, AssemblyResolver.AddSearchDirectories: Adding more searchDirectories C:\Program Files\dotnet\sdk\5.0.100\Extensions,C:\Program Files\dotnet\sdk\5.0.100
TpTrace Information: 0 : 33172, 1, 2020/11/30, 11:04:34.200, 14226506611230, vstest.console.dll, AssemblyResolver.AddSearchDirectories: Adding more searchDirectories C:\Program Files\dotnet\sdk\5.0.100\Extensions,C:\Program Files\dotnet\sdk\5.0.100
TpTrace Information: 0 : 33172, 1, 2020/11/30, 11:04:34.200, 14226506611592, vstest.console.dll, AssemblyResolver.AddSearchDirectories: Adding more searchDirectories C:\Program Files\dotnet\sdk\5.0.100\Extensions,C:\Program Files\dotnet\sdk\5.0.100
TpTrace Information: 0 : 33172, 1, 2020/11/30, 11:04:34.201, 14226506613362, vstest.console.dll, AssemblyResolver.OnResolve: Microsoft.Bcl.AsyncInterfaces: Resolving assembly.
TpTrace Information: 0 : 33172, 1, 2020/11/30, 11:04:34.201, 14226506613951, vstest.console.dll, AssemblyResolver.OnResolve: Microsoft.Bcl.AsyncInterfaces: Resolved from cache.
TpTrace Verbose: 0 : 33172, 1, 2020/11/30, 11:04:34.201, 14226506614547, vstest.console.dll, CurrentDomain_AssemblyResolve: Resolving assembly 'Microsoft.Bcl.AsyncInterfaces'.
TpTrace Information: 0 : 33172, 1, 2020/11/30, 11:04:34.201, 14226506615483, vstest.console.dll, AssemblyResolver.OnResolve: Microsoft.Bcl.AsyncInterfaces: Resolving assembly.
TpTrace Information: 0 : 33172, 1, 2020/11/30, 11:04:34.201, 14226506615936, vstest.console.dll, AssemblyResolver.OnResolve: Microsoft.Bcl.AsyncInterfaces: Resolved from cache.
TpTrace Verbose: 0 : 33172, 1, 2020/11/30, 11:04:34.201, 14226506616614, vstest.console.dll, CurrentDomain_AssemblyResolve: Resolving assembly 'Microsoft.Bcl.AsyncInterfaces'.
TpTrace Verbose: 0 : 33172, 1, 2020/11/30, 11:04:34.201, 14226506617304, vstest.console.dll, CurrentDomainAssemblyResolve: Failed to resolve assembly 'Microsoft.Bcl.AsyncInterfaces'.
TpTrace Verbose: 0 : 33172, 1, 2020/11/30, 11:04:34.201, 14226506619474, vstest.console.dll, CurrentDomainAssemblyResolve: Failed to resolve assembly 'Microsoft.Bcl.AsyncInterfaces'.
TpTrace Warning: 0 : 33172, 1, 2020/11/30, 11:04:34.202, 14226506623618, vstest.console.dll, TestPluginDiscoverer: Failed to get types from assembly 'Microsoft.Diagnostics.NETCore.Client, Version=0.2.2.41902, Culture=neutral, PublicKeyToken=31bf3856ad364e35'.  Skipping test extension scan for this assembly.  Error: System.Reflection.ReflectionTypeLoadException: Unable to load one or more of the requested types.
Could not load file or assembly 'Microsoft.Bcl.AsyncInterfaces, Version=1.0.0.0, Culture=neutral, PublicKeyToken=cc7b13ffcd2ddd51'. O sistema não pode encontrar o arquivo especificado.
   at System.Reflection.RuntimeModule.GetTypes(RuntimeModule module)
   at System.Reflection.RuntimeModule.GetTypes()
   at System.Reflection.Assembly.GetTypes()
   at Microsoft.VisualStudio.TestPlatform.Common.ExtensionFramework.TestPluginDiscoverer.GetTestExtensionsFromAssembly[TPluginInfo,TExtension](Assembly assembly, Dictionary`2 pluginInfos)
System.IO.FileNotFoundException: Could not load file or assembly 'Microsoft.Bcl.AsyncInterfaces, Version=1.0.0.0, Culture=neutral, PublicKeyToken=cc7b13ffcd2ddd51'. O sistema não pode encontrar o arquivo especificado.
File name: 'Microsoft.Bcl.AsyncInterfaces, Version=1.0.0.0, Culture=neutral, PublicKeyToken=cc7b13ffcd2ddd51'
TpTrace Warning: 0 : 33172, 1, 2020/11/30, 11:04:34.202, 14226506624267, vstest.console.dll, LoaderExceptions: System.IO.FileNotFoundException: Could not load file or assembly 'Microsoft.Bcl.AsyncInterfaces, Version=1.0.0.0, Culture=neutral, PublicKeyToken=cc7b13ffcd2ddd51'. O sistema não pode encontrar o arquivo especificado.
File name: 'Microsoft.Bcl.AsyncInterfaces, Version=1.0.0.0, Culture=neutral, PublicKeyToken=cc7b13ffcd2ddd51'
TpTrace Verbose: 0 : 33172, 1, 2020/11/30, 11:04:34.202, 14226506628500, vstest.console.dll, TestPluginCache: Discovered the extensions using extension path ''.
TpTrace Verbose: 0 : 33172, 1, 2020/11/30, 11:04:34.202, 14226506629027, vstest.console.dll, TestPluginCache: Discoverers are ''.
TpTrace Verbose: 0 : 33172, 1, 2020/11/30, 11:04:34.202, 14226506629300, vstest.console.dll, TestPluginCache: Executors are ''.
TpTrace Verbose: 0 : 33172, 1, 2020/11/30, 11:04:34.202, 14226506629548, vstest.console.dll, TestPluginCache: Executors2 are ''.
TpTrace Verbose: 0 : 33172, 1, 2020/11/30, 11:04:34.202, 14226506629791, vstest.console.dll, TestPluginCache: Setting providers are ''.
TpTrace Verbose: 0 : 33172, 1, 2020/11/30, 11:04:34.202, 14226506630467, vstest.console.dll, TestPluginCache: Loggers are 'logger://Microsoft/TestPlatform/Extensions/Blame/v1,logger://Microsoft/TestPlatform/HtmlLogger/v1,logger://Microsoft/TestPlatform/TrxLogger/v1'.
TpTrace Information: 0 : 33172, 1, 2020/11/30, 11:04:34.203, 14226506637004, vstest.console.dll, TestPluginManager.CreateTestExtension: Attempting to load test extension: Microsoft.TestPlatform.Extensions.BlameDataCollector.BlameLogger
TpTrace Information: 0 : 33172, 1, 2020/11/30, 11:04:34.214, 14226506744988, vstest.console.dll, TestPluginManager.CreateTestExtension: Attempting to load test extension: Microsoft.VisualStudio.TestPlatform.CrossPlatEngine.Hosting.DefaultTestHostManager
TpTrace Information: 0 : 33172, 1, 2020/11/30, 11:04:34.214, 14226506747763, vstest.console.dll, TestPluginManager.CreateTestExtension: Attempting to load test extension: Microsoft.VisualStudio.TestPlatform.CrossPlatEngine.Hosting.DotnetTestHostManager
TpTrace Verbose: 0 : 33172, 1, 2020/11/30, 11:04:34.215, 14226506752050, vstest.console.dll, TestEngine: Initializing Parallel Execution as MaxCpuCount is set to: 1
TpTrace Information: 0 : 33172, 1, 2020/11/30, 11:04:34.215, 14226506756162, vstest.console.dll, InferRunSettingsHelper.IsTestSettingsEnabled: Unable to navigate to RunSettings/MSTest. Current node: RunSettings
TpTrace Verbose: 0 : 33172, 1, 2020/11/30, 11:04:34.228, 14226506890848, vstest.console.dll, TestRequestSender is acting as server
TpTrace Verbose: 0 : 33172, 4, 2020/11/30, 11:04:34.233, 14226506941302, vstest.console.dll, DataCollectionRequestSender.InitializeCommunication : Initialize communication. 
TpTrace Information: 0 : 33172, 4, 2020/11/30, 11:04:34.248, 14226507091226, vstest.console.dll, Listening on Endpoint : 127.0.0.1:61631
TpTrace Verbose: 0 : 33172, 4, 2020/11/30, 11:04:34.260, 14226507205473, vstest.console.dll, DotnetDataCollectionLauncher: Full path of dotnet.exe is C:\Program Files\dotnet\dotnet.exe
TpTrace Verbose: 0 : 33172, 4, 2020/11/30, 11:04:34.260, 14226507207311, vstest.console.dll, DotnetDataCollectionLauncher: Adding  --runtimeconfig "C:\Program Files\dotnet\sdk\5.0.100\datacollector.runtimeconfig.json" in args
TpTrace Verbose: 0 : 33172, 4, 2020/11/30, 11:04:34.260, 14226507208161, vstest.console.dll, DotnetDataCollectionLauncher: Adding  --depsfile "C:\Program Files\dotnet\sdk\5.0.100\datacollector.deps.json" in args
TpTrace Information: 0 : 33172, 4, 2020/11/30, 11:04:34.269, 14226507298292, vstest.console.dll, ProxyDataCollectionManager.Initialize: Launched datacollector processId: 2584 port: 61631
TpTrace Information: 0 : 33172, 4, 2020/11/30, 11:04:34.269, 14226507300248, vstest.console.dll, ProxyDataCollectionManager.Initialize: waiting for connection with timeout: 90 seconds
TpTrace Verbose: 0 : 33172, 4, 2020/11/30, 11:04:34.269, 14226507301164, vstest.console.dll, DataCollectionRequestSender.WaitForRequestHandlerConnection : Waiting for connection with timeout: 90000
TpTrace Information: 0 : 33172, 7, 2020/11/30, 11:04:34.681, 14226511415722, vstest.console.dll, Using the buffer size of 16384 bytes
TpTrace Verbose: 0 : 33172, 4, 2020/11/30, 11:04:34.681, 14226511416528, vstest.console.dll, ProxyDataCollectionManager.InvokeDataCollectionServiceAction: Starting.
TpTrace Information: 0 : 33172, 7, 2020/11/30, 11:04:34.681, 14226511417001, vstest.console.dll, Accepted Client request and set the flag
TpTrace Information: 0 : 33172, 4, 2020/11/30, 11:04:34.681, 14226511418324, vstest.console.dll, ProxyDataCollectionManager.BeforeTestRunStart: Get environment variable and port for datacollector processId: 2584 port: 61631
TpTrace Verbose: 0 : 33172, 4, 2020/11/30, 11:04:34.681, 14226511419908, vstest.console.dll, DataCollectionRequestSender.SendBeforeTestRunStartAndGetResult : Send BeforeTestRunStart message with settingsXml <RunSettings><RunConfiguration><ResultsDirectory>C:\Users\User\source\repos\CapgeminiTDD\TDD.Test\bin\Debug\fine-code-coverage\_outputfolder</ResultsDirectory><TargetPlatform>X64</TargetPlatform><TargetFrameworkVersion>.NETCoreApp,Version=v3.1</TargetFrameworkVersion><DesignMode>False</DesignMode><CollectSourceInformation>False</CollectSourceInformation><TestAdaptersPaths>C:\Program Files\dotnet\sdk\5.0.100\Extensions</TestAdaptersPaths></RunConfiguration><LoggerRunSettings><Loggers><Logger friendlyName="blame" enabled="True" /><Logger friendlyName="Console" uri="logger://microsoft/TestPlatform/ConsoleLogger/v1" assemblyQualifiedName="Microsoft.VisualStudio.TestPlatform.CommandLine.Internal.ConsoleLogger, vstest.console, Version=15.0.0.0, Culture=neutral, PublicKeyToken=b03f5f7f11d50a3a" codeBase="C:\Program Files\dotnet\sdk\5.0.100\vstest.console.dll" enabled="True" /></Loggers></LoggerRunSettings><DataCollectionRunSettings><DataCollectors><DataCollector friendlyName="blame" enabled="True"><Configuration><ResultsDirectory>C:\Users\User\source\repos\CapgeminiTDD\TDD.Test\bin\Debug\fine-code-coverage\_outputfolder</ResultsDirectory></Configuration></DataCollector></DataCollectors></DataCollectionRunSettings></RunSettings> and sources System.Linq.Enumerable+Concat2Iterator`1[System.String]: 
TpTrace Verbose: 0 : 33172, 4, 2020/11/30, 11:04:34.828, 14226512889209, vstest.console.dll, DataCollectionRequestSender.SendBeforeTestRunStartAndGetResult : Received message: (DataCollection.SendMessage) -> {
  "FriendlyName": null,
  "Uri": null,
  "TestCaseId": "00000000-0000-0000-0000-000000000000",
  "Message": "Logging DataCollector Diagnostics in file: C:\\Users\\User\\source\\repos\\CapgeminiTDD\\TDD.Test\\bin\\Debug\\fine-code-coverage\\_outputfolder\\diagnostics.datacollector.20-11-30_11-04-34_25591_4.log",
  "Level": 0
}
TpTrace Verbose: 0 : 33172, 4, 2020/11/30, 11:04:34.912, 14226513723573, vstest.console.dll, DataCollectionRequestSender.SendBeforeTestRunStartAndGetResult : Received message: (DataCollection.BeforeTestRunStartResult) -> {
  "EnvironmentVariables": {},
  "DataCollectionEventsPort": 61635
}
TpTrace Information: 0 : 33172, 4, 2020/11/30, 11:04:34.916, 14226513766699, vstest.console.dll, ProxyDataCollectionManager.BeforeTestRunStart: SendBeforeTestRunStartAndGetResult successful, env variable from datacollector:   and testhost port: 61635
TpTrace Information: 0 : 33172, 4, 2020/11/30, 11:04:34.916, 14226513767932, vstest.console.dll, ProxyDataCollectionManager.InvokeDataCollectionServiceAction: Completed.
TpTrace Verbose: 0 : 33172, 1, 2020/11/30, 11:04:34.916, 14226513769287, vstest.console.dll, TestRunRequest.ExecuteAsync: Creating test run request.
TpTrace Verbose: 0 : 33172, 1, 2020/11/30, 11:04:34.917, 14226513772988, vstest.console.dll, TestRunRequest.ExecuteAsync: Starting.
TpTrace Information: 0 : 33172, 1, 2020/11/30, 11:04:34.917, 14226513776749, vstest.console.dll, TestRunRequest.ExecuteAsync: Starting run with settings:TestRunCriteria:
   KeepAlive=False,FrequencyOfRunStatsChangeEvent=10,RunStatsChangeEventTimeout=00:00:01.5000000,TestCaseFilter=,TestExecutorLauncher=
   Settingsxml=<RunSettings>
  <RunConfiguration>
    <ResultsDirectory>C:\Users\User\source\repos\CapgeminiTDD\TDD.Test\bin\Debug\fine-code-coverage\_outputfolder</ResultsDirectory>
    <TargetPlatform>X64</TargetPlatform>
    <TargetFrameworkVersion>.NETCoreApp,Version=v3.1</TargetFrameworkVersion>
    <DesignMode>False</DesignMode>
    <CollectSourceInformation>False</CollectSourceInformation>
  </RunConfiguration>
  <LoggerRunSettings>
    <Loggers>
      <Logger friendlyName="blame" enabled="True" />
      <Logger friendlyName="Console" uri="logger://microsoft/TestPlatform/ConsoleLogger/v1" assemblyQualifiedName="Microsoft.VisualStudio.TestPlatform.CommandLine.Internal.ConsoleLogger, vstest.console, Version=15.0.0.0, Culture=neutral, PublicKeyToken=b03f5f7f11d50a3a" codeBase="C:\Program Files\dotnet\sdk\5.0.100\vstest.console.dll" enabled="True" />
    </Loggers>
  </LoggerRunSettings>
  <DataCollectionRunSettings>
    <DataCollectors>
      <DataCollector friendlyName="blame" enabled="True">
        <Configuration>
          <ResultsDirectory>C:\Users\User\source\repos\CapgeminiTDD\TDD.Test\bin\Debug\fine-code-coverage\_outputfolder</ResultsDirectory>
        </Configuration>
      </DataCollector>
    </DataCollectors>
  </DataCollectionRunSettings>
</RunSettings>

TpTrace Verbose: 0 : 33172, 1, 2020/11/30, 11:04:34.917, 14226513778238, vstest.console.dll, TestRunRequest.ExecuteAsync: Wait for the first run request is over.
TpTrace Verbose: 0 : 33172, 1, 2020/11/30, 11:04:34.918, 14226513783651, vstest.console.dll, ParallelProxyExecutionManager: Start execution. Total sources: 1
TpTrace Information: 0 : 33172, 1, 2020/11/30, 11:04:34.919, 14226513791706, vstest.console.dll, ProxyParallelExecutionManager: Triggering test run for next source: C:\Users\User\source\repos\CapgeminiTDD\TDD.Test\bin\Debug\fine-code-coverage\TDD.Test.dll
TpTrace Verbose: 0 : 33172, 6, 2020/11/30, 11:04:34.919, 14226513793566, vstest.console.dll, ParallelProxyExecutionManager: Execution started. Started clients: 1
TpTrace Verbose: 0 : 33172, 1, 2020/11/30, 11:04:34.919, 14226513794209, vstest.console.dll, ProxyParallelExecutionManager: No sources available for execution.
TpTrace Information: 0 : 33172, 1, 2020/11/30, 11:04:34.919, 14226513794904, vstest.console.dll, TestRunRequest.ExecuteAsync: Started.
TpTrace Verbose: 0 : 33172, 1, 2020/11/30, 11:04:34.919, 14226513795800, vstest.console.dll, TestRunRequest.WaitForCompletion: Waiting with timeout -1.
TpTrace Verbose: 0 : 33172, 6, 2020/11/30, 11:04:34.920, 14226513806191, vstest.console.dll, TestRunRequest:SendTestRunMessage: Starting.
TpTrace Information: 0 : 33172, 6, 2020/11/30, 11:04:34.920, 14226513808245, vstest.console.dll, TestRunRequest:SendTestRunMessage: Completed.
TpTrace Verbose: 0 : 33172, 6, 2020/11/30, 11:04:34.920, 14226513811324, vstest.console.dll, ProxyExecutionManager: Test host is always Lazy initialize.
TpTrace Verbose: 0 : 33172, 6, 2020/11/30, 11:04:34.921, 14226513815812, vstest.console.dll, TestRequestSender.InitializeCommunication: initialize communication. 
TpTrace Information: 0 : 33172, 6, 2020/11/30, 11:04:34.922, 14226513821724, vstest.console.dll, SocketServer.Start: Listening on endpoint : 127.0.0.1:61636
TpTrace Verbose: 0 : 33172, 6, 2020/11/30, 11:04:34.922, 14226513828307, vstest.console.dll, DotnetTestHostmanager: Adding  --runtimeconfig "C:\Users\User\source\repos\CapgeminiTDD\TDD.Test\bin\Debug\fine-code-coverage\TDD.Test.runtimeconfig.json" in args
TpTrace Verbose: 0 : 33172, 6, 2020/11/30, 11:04:34.922, 14226513829282, vstest.console.dll, DotnetTestHostmanager: Adding  --depsfile "C:\Users\User\source\repos\CapgeminiTDD\TDD.Test\bin\Debug\fine-code-coverage\TDD.Test.deps.json" in args
TpTrace Verbose: 0 : 33172, 6, 2020/11/30, 11:04:34.922, 14226513831041, vstest.console.dll, DotnetTestHostManager: Testhost.exe/testhost.x86.exe found at path: C:\Users\User\source\repos\CapgeminiTDD\TDD.Test\bin\Debug\fine-code-coverage\testhost.exe
TpTrace Verbose: 0 : 33172, 6, 2020/11/30, 11:04:34.922, 14226513831495, vstest.console.dll, DotnetTestHostmanager: Full path of host exe is C:\Users\User\source\repos\CapgeminiTDD\TDD.Test\bin\Debug\fine-code-coverage\testhost.exe
TpTrace Verbose: 0 : 33172, 4, 2020/11/30, 11:04:34.923, 14226513841024, vstest.console.dll, DotnetTestHostManager: Starting process 'C:\Users\User\source\repos\CapgeminiTDD\TDD.Test\bin\Debug\fine-code-coverage\testhost.exe' with command line ' --runtimeconfig "C:\Users\User\source\repos\CapgeminiTDD\TDD.Test\bin\Debug\fine-code-coverage\TDD.Test.runtimeconfig.json" --depsfile "C:\Users\User\source\repos\CapgeminiTDD\TDD.Test\bin\Debug\fine-code-coverage\TDD.Test.deps.json" --port 61636 --endpoint 127.0.0.1:061636 --role client --parentprocessid 33172 --diag "C:\Users\User\source\repos\CapgeminiTDD\TDD.Test\bin\Debug\fine-code-coverage\_outputfolder\diagnostics.host.20-11-30_11-04-34_92229_6.log" --tracelevel 4 --datacollectionport 61635 --telemetryoptedin false'
TpTrace Verbose: 0 : 33172, 4, 2020/11/30, 11:04:34.929, 14226513893840, vstest.console.dll, Test Runtime launched
TpTrace Verbose: 0 : 33172, 6, 2020/11/30, 11:04:34.931, 14226513914480, vstest.console.dll, TestRequestSender.WaitForRequestHandlerConnection: waiting for connection with timeout: 90000
TpTrace Verbose: 0 : 33172, 4, 2020/11/30, 11:04:35.360, 14226518211262, vstest.console.dll, SocketServer.OnClientConnected: Client connected for endPoint: 127.0.0.1:61636, starting MessageLoopAsync:
TpTrace Verbose: 0 : 33172, 4, 2020/11/30, 11:04:35.361, 14226518213885, vstest.console.dll, TcpClientExtensions.MessageLoopAsync: Polling on remoteEndPoint: 127.0.0.1:61637 localEndPoint: 127.0.0.1:61636
TpTrace Verbose: 0 : 33172, 4, 2020/11/30, 11:04:35.557, 14226520173668, vstest.console.dll, TcpClientExtensions.MessageLoopAsync: NotifyDataAvailable remoteEndPoint: 127.0.0.1:61637 localEndPoint: 127.0.0.1:61636
TpTrace Verbose: 0 : 33172, 4, 2020/11/30, 11:04:35.557, 14226520176823, vstest.console.dll, TestRequestSender.CheckVersionWithTestHost: onMessageReceived received message: (ProtocolVersion) -> 3
TpTrace Verbose: 0 : 33172, 4, 2020/11/30, 11:04:35.558, 14226520185159, vstest.console.dll, TcpClientExtensions.MessageLoopAsync: Polling on remoteEndPoint: 127.0.0.1:61637 localEndPoint: 127.0.0.1:61636
TpTrace Verbose: 0 : 33172, 6, 2020/11/30, 11:04:35.558, 14226520186192, vstest.console.dll, TestPluginCache.GetExtensionPaths: Filtered extension paths: 
TpTrace Verbose: 0 : 33172, 6, 2020/11/30, 11:04:35.558, 14226520186954, vstest.console.dll, TestPluginCache.GetExtensionPaths: Added default extension paths: C:\Program Files\dotnet\sdk\5.0.100\Extensions\Microsoft.Diagnostics.NETCore.Client.dll
C:\Program Files\dotnet\sdk\5.0.100\Extensions\Microsoft.TestPlatform.Extensions.BlameDataCollector.dll
C:\Program Files\dotnet\sdk\5.0.100\Extensions\Microsoft.TestPlatform.Extensions.EventLogCollector.dll
C:\Program Files\dotnet\sdk\5.0.100\Extensions\Microsoft.TestPlatform.TestHostRuntimeProvider.dll
C:\Program Files\dotnet\sdk\5.0.100\Extensions\Microsoft.VisualStudio.TestPlatform.Extensions.Html.TestLogger.dll
C:\Program Files\dotnet\sdk\5.0.100\Extensions\Microsoft.VisualStudio.TestPlatform.Extensions.Trx.TestLogger.dll
TpTrace Verbose: 0 : 33172, 6, 2020/11/30, 11:04:35.558, 14226520187524, vstest.console.dll, TestPluginCache.GetExtensionPaths: Added unfilterableExtensionPaths: 
TpTrace Verbose: 0 : 33172, 6, 2020/11/30, 11:04:35.565, 14226520253597, vstest.console.dll, TestRequestSender.InitializeExecution: Sending initializing execution with message: {"Version":3,"MessageType":"TestExecution.Initialize","Payload":["C:\\Users\\User\\source\\repos\\CapgeminiTDD\\TDD.Test\\bin\\Debug\\fine-code-coverage\\xunit.runner.visualstudio.dotnetcore.testadapter.dll"]}
TpTrace Verbose: 0 : 33172, 6, 2020/11/30, 11:04:35.576, 14226520368446, vstest.console.dll, TestRequestSender.StartTestRun: Sending test run with message: {"Version":3,"MessageType":"TestExecution.StartWithSources","Payload":{"AdapterSourceMap":{"_none_":["C:\\Users\\User\\source\\repos\\CapgeminiTDD\\TDD.Test\\bin\\Debug\\fine-code-coverage\\TDD.Test.dll"]},"RunSettings":"<RunSettings>\r\n  <RunConfiguration>\r\n    <ResultsDirectory>C:\\Users\\User\\source\\repos\\CapgeminiTDD\\TDD.Test\\bin\\Debug\\fine-code-coverage\\_outputfolder</ResultsDirectory>\r\n    <TargetPlatform>X64</TargetPlatform>\r\n    <TargetFrameworkVersion>.NETCoreApp,Version=v3.1</TargetFrameworkVersion>\r\n    <DesignMode>False</DesignMode>\r\n    <CollectSourceInformation>False</CollectSourceInformation>\r\n  </RunConfiguration>\r\n  <LoggerRunSettings>\r\n    <Loggers>\r\n      <Logger friendlyName=\"blame\" enabled=\"True\" />\r\n      <Logger friendlyName=\"Console\" uri=\"logger://microsoft/TestPlatform/ConsoleLogger/v1\" assemblyQualifiedName=\"Microsoft.VisualStudio.TestPlatform.CommandLine.Internal.ConsoleLogger, vstest.console, Version=15.0.0.0, Culture=neutral, PublicKeyToken=b03f5f7f11d50a3a\" codeBase=\"C:\\Program Files\\dotnet\\sdk\\5.0.100\\vstest.console.dll\" enabled=\"True\" />\r\n    </Loggers>\r\n  </LoggerRunSettings>\r\n  <DataCollectionRunSettings>\r\n    <DataCollectors>\r\n      <DataCollector friendlyName=\"blame\" enabled=\"True\">\r\n        <Configuration>\r\n          <ResultsDirectory>C:\\Users\\User\\source\\repos\\CapgeminiTDD\\TDD.Test\\bin\\Debug\\fine-code-coverage\\_outputfolder</ResultsDirectory>\r\n        </Configuration>\r\n      </DataCollector>\r\n    </DataCollectors>\r\n  </DataCollectionRunSettings>\r\n</RunSettings>","TestExecutionContext":{"FrequencyOfRunStatsChangeEvent":10,"RunStatsChangeEventTimeout":"00:00:01.5000000","InIsolation":false,"KeepAlive":false,"AreTestCaseLevelEventsRequired":false,"IsDebug":false,"TestCaseFilter":null,"FilterOptions":null},"Package":null}}
TpTrace Verbose: 0 : 33172, 4, 2020/11/30, 11:04:35.582, 14226520431193, vstest.console.dll, TcpClientExtensions.MessageLoopAsync: NotifyDataAvailable remoteEndPoint: 127.0.0.1:61637 localEndPoint: 127.0.0.1:61636
TpTrace Verbose: 0 : 33172, 4, 2020/11/30, 11:04:35.583, 14226520432599, vstest.console.dll, TestRequestSender.OnExecutionMessageReceived: Received message: {"Version":3,"MessageType":"TestSession.Message","Payload":{"MessageLevel":0,"Message":"Registro em log do diagnóstico TestHost no arquivo: C:\\Users\\User\\source\\repos\\CapgeminiTDD\\TDD.Test\\bin\\Debug\\fine-code-coverage\\_outputfolder\\diagnostics.host.20-11-30_11-04-34_92229_6.log"}}
TpTrace Verbose: 0 : 33172, 4, 2020/11/30, 11:04:35.584, 14226520449104, vstest.console.dll, TestRunRequest:SendTestRunMessage: Starting.
TpTrace Information: 0 : 33172, 4, 2020/11/30, 11:04:35.584, 14226520450304, vstest.console.dll, TestRunRequest:SendTestRunMessage: Completed.
TpTrace Verbose: 0 : 33172, 4, 2020/11/30, 11:04:35.584, 14226520450840, vstest.console.dll, TcpClientExtensions.MessageLoopAsync: Polling on remoteEndPoint: 127.0.0.1:61637 localEndPoint: 127.0.0.1:61636
TpTrace Verbose: 0 : 33172, 4, 2020/11/30, 11:04:35.805, 14226522657135, vstest.console.dll, TcpClientExtensions.MessageLoopAsync: NotifyDataAvailable remoteEndPoint: 127.0.0.1:61637 localEndPoint: 127.0.0.1:61636
TpTrace Verbose: 0 : 33172, 4, 2020/11/30, 11:04:35.805, 14226522658685, vstest.console.dll, TestRequestSender.OnExecutionMessageReceived: Received message: {"Version":3,"MessageType":"TestSession.Message","Payload":{"MessageLevel":0,"Message":"[xUnit.net 00:00:00.00] xUnit.net VSTest Adapter v2.4.3+1b45f5407b (64-bit .NET Core 3.1.9)"}}
TpTrace Verbose: 0 : 33172, 4, 2020/11/30, 11:04:35.806, 14226522662773, vstest.console.dll, TestRunRequest:SendTestRunMessage: Starting.
TpTrace Information: 0 : 33172, 4, 2020/11/30, 11:04:35.806, 14226522663992, vstest.console.dll, TestRunRequest:SendTestRunMessage: Completed.
TpTrace Verbose: 0 : 33172, 4, 2020/11/30, 11:04:35.806, 14226522664703, vstest.console.dll, TcpClientExtensions.MessageLoopAsync: Polling on remoteEndPoint: 127.0.0.1:61637 localEndPoint: 127.0.0.1:61636
TpTrace Verbose: 0 : 33172, 4, 2020/11/30, 11:04:36.649, 14226531092912, vstest.console.dll, TcpClientExtensions.MessageLoopAsync: NotifyDataAvailable remoteEndPoint: 127.0.0.1:61637 localEndPoint: 127.0.0.1:61636
TpTrace Verbose: 0 : 33172, 4, 2020/11/30, 11:04:36.649, 14226531094086, vstest.console.dll, TestRequestSender.OnExecutionMessageReceived: Received message: {"Version":3,"MessageType":"TestSession.Message","Payload":{"MessageLevel":0,"Message":"[xUnit.net 00:00:00.85]   Discovering: TDD.Test"}}
TpTrace Verbose: 0 : 33172, 4, 2020/11/30, 11:04:36.649, 14226531096834, vstest.console.dll, TestRunRequest:SendTestRunMessage: Starting.
TpTrace Information: 0 : 33172, 4, 2020/11/30, 11:04:36.649, 14226531097754, vstest.console.dll, TestRunRequest:SendTestRunMessage: Completed.
TpTrace Verbose: 0 : 33172, 4, 2020/11/30, 11:04:36.649, 14226531098199, vstest.console.dll, TcpClientExtensions.MessageLoopAsync: Polling on remoteEndPoint: 127.0.0.1:61637 localEndPoint: 127.0.0.1:61636
TpTrace Verbose: 0 : 33172, 4, 2020/11/30, 11:04:36.695, 14226531556413, vstest.console.dll, TcpClientExtensions.MessageLoopAsync: NotifyDataAvailable remoteEndPoint: 127.0.0.1:61637 localEndPoint: 127.0.0.1:61636
TpTrace Verbose: 0 : 33172, 4, 2020/11/30, 11:04:36.695, 14226531557491, vstest.console.dll, TestRequestSender.OnExecutionMessageReceived: Received message: {"Version":3,"MessageType":"TestSession.Message","Payload":{"MessageLevel":0,"Message":"[xUnit.net 00:00:00.89]   Discovered:  TDD.Test"}}
TpTrace Verbose: 0 : 33172, 4, 2020/11/30, 11:04:36.695, 14226531558769, vstest.console.dll, TestRunRequest:SendTestRunMessage: Starting.
TpTrace Information: 0 : 33172, 4, 2020/11/30, 11:04:36.695, 14226531559286, vstest.console.dll, TestRunRequest:SendTestRunMessage: Completed.
TpTrace Verbose: 0 : 33172, 4, 2020/11/30, 11:04:36.695, 14226531559775, vstest.console.dll, TcpClientExtensions.MessageLoopAsync: Polling on remoteEndPoint: 127.0.0.1:61637 localEndPoint: 127.0.0.1:61636
TpTrace Verbose: 0 : 33172, 4, 2020/11/30, 11:04:36.699, 14226531598672, vstest.console.dll, TcpClientExtensions.MessageLoopAsync: NotifyDataAvailable remoteEndPoint: 127.0.0.1:61637 localEndPoint: 127.0.0.1:61636
TpTrace Verbose: 0 : 33172, 4, 2020/11/30, 11:04:36.699, 14226531599823, vstest.console.dll, TestRequestSender.OnExecutionMessageReceived: Received message: {"Version":3,"MessageType":"TestSession.Message","Payload":{"MessageLevel":0,"Message":"[xUnit.net 00:00:00.90]   Starting:    TDD.Test"}}
TpTrace Verbose: 0 : 33172, 4, 2020/11/30, 11:04:36.700, 14226531602188, vstest.console.dll, TestRunRequest:SendTestRunMessage: Starting.
TpTrace Information: 0 : 33172, 4, 2020/11/30, 11:04:36.700, 14226531603083, vstest.console.dll, TestRunRequest:SendTestRunMessage: Completed.
TpTrace Verbose: 0 : 33172, 4, 2020/11/30, 11:04:36.700, 14226531603554, vstest.console.dll, TcpClientExtensions.MessageLoopAsync: Polling on remoteEndPoint: 127.0.0.1:61637 localEndPoint: 127.0.0.1:61636
TpTrace Verbose: 0 : 33172, 4, 2020/11/30, 11:04:37.025, 14226534853178, vstest.console.dll, TcpClientExtensions.MessageLoopAsync: NotifyDataAvailable remoteEndPoint: 127.0.0.1:61637 localEndPoint: 127.0.0.1:61636
TpTrace Verbose: 0 : 33172, 4, 2020/11/30, 11:04:37.025, 14226534854461, vstest.console.dll, TestRequestSender.OnExecutionMessageReceived: Received message: {"Version":3,"MessageType":"TestSession.Message","Payload":{"MessageLevel":0,"Message":"[xUnit.net 00:00:01.22]   Finished:    TDD.Test"}}
TpTrace Verbose: 0 : 33172, 4, 2020/11/30, 11:04:37.025, 14226534856226, vstest.console.dll, TestRunRequest:SendTestRunMessage: Starting.
TpTrace Information: 0 : 33172, 4, 2020/11/30, 11:04:37.025, 14226534856833, vstest.console.dll, TestRunRequest:SendTestRunMessage: Completed.
TpTrace Verbose: 0 : 33172, 4, 2020/11/30, 11:04:37.025, 14226534857201, vstest.console.dll, TcpClientExtensions.MessageLoopAsync: Polling on remoteEndPoint: 127.0.0.1:61637 localEndPoint: 127.0.0.1:61636
TpTrace Verbose: 0 : 33172, 4, 2020/11/30, 11:04:37.081, 14226535412820, vstest.console.dll, TcpClientExtensions.MessageLoopAsync: NotifyDataAvailable remoteEndPoint: 127.0.0.1:61637 localEndPoint: 127.0.0.1:61636
TpTrace Verbose: 0 : 33172, 4, 2020/11/30, 11:04:37.081, 14226535417696, vstest.console.dll, TestRequestSender.OnExecutionMessageReceived: Received message: {"Version":3,"MessageType":"TestExecution.Completed","Payload":{"TestRunCompleteArgs":{"TestRunStatistics":{"ExecutedTests":5,"Stats":{"Passed":5}},"IsCanceled":false,"IsAborted":false,"Error":null,"AttachmentSets":[],"ElapsedTimeInRunningTests":"00:00:01.2436867","Metrics":{}},"LastRunTests":{"NewTestResults":[{"TestCase":{"Properties":[{"Key":{"Id":"TestCase.FullyQualifiedName","Label":"FullyQualifiedName","Category":"","Description":"","Attributes":1,"ValueType":"System.String"},"Value":"TDD.Test.Service.CustomerServiceTest.Inserir_IdReturnsNotZero"},{"Key":{"Id":"TestCase.ExecutorUri","Label":"Executor Uri","Category":"","Description":"","Attributes":1,"ValueType":"System.Uri"},"Value":"executor://xunit/VsTestRunner2/netcoreapp"},{"Key":{"Id":"TestCase.Source","Label":"Source","Category":"","Description":"","Attributes":0,"ValueType":"System.String"},"Value":"C:\\Users\\User\\source\\repos\\CapgeminiTDD\\TDD.Test\\bin\\Debug\\fine-code-coverage\\TDD.Test.dll"},{"Key":{"Id":"TestCase.CodeFilePath","Label":"File Path","Category":"","Description":"","Attributes":0,"ValueType":"System.String"},"Value":null},{"Key":{"Id":"TestCase.DisplayName","Label":"Name","Category":"","Description":"","Attributes":0,"ValueType":"System.String"},"Value":"TDD.Test.Service.CustomerServiceTest.Inserir_IdReturnsNotZero"},{"Key":{"Id":"TestCase.Id","Label":"Id","Category":"","Description":"","Attributes":1,"ValueType":"System.Guid"},"Value":"b35ba0d5-df01-9599-15a5-268380503a86"},{"Key":{"Id":"TestCase.LineNumber","Label":"Line Number","Category":"","Description":"","Attributes":1,"ValueType":"System.Int32"},"Value":0}]},"Attachments":[],"Messages":[],"Properties":[{"Key":{"Id":"TestResult.Outcome","Label":"Outcome","Category":"","Description":"","Attributes":0,"ValueType":"Microsoft.VisualStudio.TestPlatform.ObjectModel.TestOutcome, Microsoft.VisualStudio.TestPlatform.ObjectModel, Version=15.0.0.0, Culture=neutral, PublicKeyToken=b03f5f7f11d50a3a"},"Value":1},{"Key":{"Id":"TestResult.ErrorMessage","Label":"Error Message","Category":"","Description":"","Attributes":0,"ValueType":"System.String"},"Value":null},{"Key":{"Id":"TestResult.ErrorStackTrace","Label":"Error Stack Trace","Category":"","Description":"","Attributes":0,"ValueType":"System.String"},"Value":null},{"Key":{"Id":"TestResult.DisplayName","Label":"TestResult Display Name","Category":"","Description":"","Attributes":1,"ValueType":"System.String"},"Value":"TDD.Test.Service.CustomerServiceTest.Inserir_IdReturnsNotZero"},{"Key":{"Id":"TestResult.ComputerName","Label":"Computer Name","Category":"","Description":"","Attributes":0,"ValueType":"System.String"},"Value":"DANILO"},{"Key":{"Id":"TestResult.Duration","Label":"Duration","Category":"","Description":"","Attributes":0,"ValueType":"System.TimeSpan"},"Value":"00:00:00.2006813"},{"Key":{"Id":"TestResult.StartTime","Label":"Start Time","Category":"","Description":"","Attributes":0,"ValueType":"System.DateTimeOffset"},"Value":"2020-11-30T14:04:36.9858216+00:00"},{"Key":{"Id":"TestResult.EndTime","Label":"End Time","Category":"","Description":"","Attributes":0,"ValueType":"System.DateTimeOffset"},"Value":"2020-11-30T14:04:36.9859654+00:00"}]},{"TestCase":{"Properties":[{"Key":{"Id":"TestCase.FullyQualifiedName","Label":"FullyQualifiedName","Category":"","Description":"","Attributes":1,"ValueType":"System.String"},"Value":"TDD.Test.Service.CustomerServiceTest.Obter_Customer_ShouldBe200Ok"},{"Key":{"Id":"TestCase.ExecutorUri","Label":"Executor Uri","Category":"","Description":"","Attributes":1,"ValueType":"System.Uri"},"Value":"executor://xunit/VsTestRunner2/netcoreapp"},{"Key":{"Id":"TestCase.Source","Label":"Source","Category":"","Description":"","Attributes":0,"ValueType":"System.String"},"Value":"C:\\Users\\User\\source\\repos\\CapgeminiTDD\\TDD.Test\\bin\\Debug\\fine-code-coverage\\TDD.Test.dll"},{"Key":{"Id":"TestCase.CodeFilePath","Label":"File Path","Category":"","Description":"","Attributes":0,"ValueType":"System.String"},"Value":null},{"Key":{"Id":"TestCase.DisplayName","Label":"Name","Category":"","Description":"","Attributes":0,"ValueType":"System.String"},"Value":"TDD.Test.Service.CustomerServiceTest.Obter_Customer_ShouldBe200Ok"},{"Key":{"Id":"TestCase.Id","Label":"Id","Category":"","Description":"","Attributes":1,"ValueType":"System.Guid"},"Value":"93687376-1559-35bc-363c-cb1b7abed0bc"},{"Key":{"Id":"TestCase.LineNumber","Label":"Line Number","Category":"","Description":"","Attributes":1,"ValueType":"System.Int32"},"Value":0}]},"Attachments":[],"Messages":[],"Properties":[{"Key":{"Id":"TestResult.Outcome","Label":"Outcome","Category":"","Description":"","Attributes":0,"ValueType":"Microsoft.VisualStudio.TestPlatform.ObjectModel.TestOutcome, Microsoft.VisualStudio.TestPlatform.ObjectModel, Version=15.0.0.0, Culture=neutral, PublicKeyToken=b03f5f7f11d50a3a"},"Value":1},{"Key":{"Id":"TestResult.ErrorMessage","Label":"Error Message","Category":"","Description":"","Attributes":0,"ValueType":"System.String"},"Value":null},{"Key":{"Id":"TestResult.ErrorStackTrace","Label":"Error Stack Trace","Category":"","Description":"","Attributes":0,"ValueType":"System.String"},"Value":null},{"Key":{"Id":"TestResult.DisplayName","Label":"TestResult Display Name","Category":"","Description":"","Attributes":1,"ValueType":"System.String"},"Value":"TDD.Test.Service.CustomerServiceTest.Obter_Customer_ShouldBe200Ok"},{"Key":{"Id":"TestResult.ComputerName","Label":"Computer Name","Category":"","Description":"","Attributes":0,"ValueType":"System.String"},"Value":"DANILO"},{"Key":{"Id":"TestResult.Duration","Label":"Duration","Category":"","Description":"","Attributes":0,"ValueType":"System.TimeSpan"},"Value":"00:00:00.0071174"},{"Key":{"Id":"TestResult.StartTime","Label":"Start Time","Category":"","Description":"","Attributes":0,"ValueType":"System.DateTimeOffset"},"Value":"2020-11-30T14:04:37.0133186+00:00"},{"Key":{"Id":"TestResult.EndTime","Label":"End Time","Category":"","Description":"","Attributes":0,"ValueType":"System.DateTimeOffset"},"Value":"2020-11-30T14:04:37.013327+00:00"}]},{"TestCase":{"Properties":[{"Key":{"Id":"TestCase.FullyQualifiedName","Label":"FullyQualifiedName","Category":"","Description":"","Attributes":1,"ValueType":"System.String"},"Value":"TDD.Test.Service.CustomerServiceTest.Listar_AllCustomer_ShouldBe200Ok"},{"Key":{"Id":"TestCase.ExecutorUri","Label":"Executor Uri","Category":"","Description":"","Attributes":1,"ValueType":"System.Uri"},"Value":"executor://xunit/VsTestRunner2/netcoreapp"},{"Key":{"Id":"TestCase.Source","Label":"Source","Category":"","Description":"","Attributes":0,"ValueType":"System.String"},"Value":"C:\\Users\\User\\source\\repos\\CapgeminiTDD\\TDD.Test\\bin\\Debug\\fine-code-coverage\\TDD.Test.dll"},{"Key":{"Id":"TestCase.CodeFilePath","Label":"File Path","Category":"","Description":"","Attributes":0,"ValueType":"System.String"},"Value":null},{"Key":{"Id":"TestCase.DisplayName","Label":"Name","Category":"","Description":"","Attributes":0,"ValueType":"System.String"},"Value":"TDD.Test.Service.CustomerServiceTest.Listar_AllCustomer_ShouldBe200Ok"},{"Key":{"Id":"TestCase.Id","Label":"Id","Category":"","Description":"","Attributes":1,"ValueType":"System.Guid"},"Value":"5fd4cc03-9654-76b2-5401-956993cb74c6"},{"Key":{"Id":"TestCase.LineNumber","Label":"Line Number","Category":"","Description":"","Attributes":1,"ValueType":"System.Int32"},"Value":0}]},"Attachments":[],"Messages":[],"Properties":[{"Key":{"Id":"TestResult.Outcome","Label":"Outcome","Category":"","Description":"","Attributes":0,"ValueType":"Microsoft.VisualStudio.TestPlatform.ObjectModel.TestOutcome, Microsoft.VisualStudio.TestPlatform.ObjectModel, Version=15.0.0.0, Culture=neutral, PublicKeyToken=b03f5f7f11d50a3a"},"Value":1},{"Key":{"Id":"TestResult.ErrorMessage","Label":"Error Message","Category":"","Description":"","Attributes":0,"ValueType":"System.String"},"Value":null},{"Key":{"Id":"TestResult.ErrorStackTrace","Label":"Error Stack Trace","Category":"","Description":"","Attributes":0,"ValueType":"System.String"},"Value":null},{"Key":{"Id":"TestResult.DisplayName","Label":"TestResult Display Name","Category":"","Description":"","Attributes":1,"ValueType":"System.String"},"Value":"TDD.Test.Service.CustomerServiceTest.Listar_AllCustomer_ShouldBe200Ok"},{"Key":{"Id":"TestResult.ComputerName","Label":"Computer Name","Category":"","Description":"","Attributes":0,"ValueType":"System.String"},"Value":"DANILO"},{"Key":{"Id":"TestResult.Duration","Label":"Duration","Category":"","Description":"","Attributes":0,"ValueType":"System.TimeSpan"},"Value":"00:00:00.0017164"},{"Key":{"Id":"TestResult.StartTime","Label":"Start Time","Category":"","Description":"","Attributes":0,"ValueType":"System.DateTimeOffset"},"Value":"2020-11-30T14:04:37.0155279+00:00"},{"Key":{"Id":"TestResult.EndTime","Label":"End Time","Category":"","Description":"","Attributes":0,"ValueType":"System.DateTimeOffset"},"Value":"2020-11-30T14:04:37.0155299+00:00"}]},{"TestCase":{"Properties":[{"Key":{"Id":"TestCase.FullyQualifiedName","Label":"FullyQualifiedName","Category":"","Description":"","Attributes":1,"ValueType":"System.String"},"Value":"TDD.Test.Service.CustomerServiceTest.Inserir_ShoulBe201Created"},{"Key":{"Id":"TestCase.ExecutorUri","Label":"Executor Uri","Category":"","Description":"","Attributes":1,"ValueType":"System.Uri"},"Value":"executor://xunit/VsTestRunner2/netcoreapp"},{"Key":{"Id":"TestCase.Source","Label":"Source","Category":"","Description":"","Attributes":0,"ValueType":"System.String"},"Value":"C:\\Users\\User\\source\\repos\\CapgeminiTDD\\TDD.Test\\bin\\Debug\\fine-code-coverage\\TDD.Test.dll"},{"Key":{"Id":"TestCase.CodeFilePath","Label":"File Path","Category":"","Description":"","Attributes":0,"ValueType":"System.String"},"Value":null},{"Key":{"Id":"TestCase.DisplayName","Label":"Name","Category":"","Description":"","Attributes":0,"ValueType":"System.String"},"Value":"TDD.Test.Service.CustomerServiceTest.Inserir_ShoulBe201Created"},{"Key":{"Id":"TestCase.Id","Label":"Id","Category":"","Description":"","Attributes":1,"ValueType":"System.Guid"},"Value":"7c8baa7c-ca78-4266-700c-06dc72d75f8b"},{"Key":{"Id":"TestCase.LineNumber","Label":"Line Number","Category":"","Description":"","Attributes":1,"ValueType":"System.Int32"},"Value":0}]},"Attachments":[],"Messages":[],"Properties":[{"Key":{"Id":"TestResult.Outcome","Label":"Outcome","Category":"","Description":"","Attributes":0,"ValueType":"Microsoft.VisualStudio.TestPlatform.ObjectModel.TestOutcome, Microsoft.VisualStudio.TestPlatform.ObjectModel, Version=15.0.0.0, Culture=neutral, PublicKeyToken=b03f5f7f11d50a3a"},"Value":1},{"Key":{"Id":"TestResult.ErrorMessage","Label":"Error Message","Category":"","Description":"","Attributes":0,"ValueType":"System.String"},"Value":null},{"Key":{"Id":"TestResult.ErrorStackTrace","Label":"Error Stack Trace","Category":"","Description":"","Attributes":0,"ValueType":"System.String"},"Value":null},{"Key":{"Id":"TestResult.DisplayName","Label":"TestResult Display Name","Category":"","Description":"","Attributes":1,"ValueType":"System.String"},"Value":"TDD.Test.Service.CustomerServiceTest.Inserir_ShoulBe201Created"},{"Key":{"Id":"TestResult.ComputerName","Label":"Computer Name","Category":"","Description":"","Attributes":0,"ValueType":"System.String"},"Value":"DANILO"},{"Key":{"Id":"TestResult.Duration","Label":"Duration","Category":"","Description":"","Attributes":0,"ValueType":"System.TimeSpan"},"Value":"00:00:00.0008791"},{"Key":{"Id":"TestResult.StartTime","Label":"Start Time","Category":"","Description":"","Attributes":0,"ValueType":"System.DateTimeOffset"},"Value":"2020-11-30T14:04:37.0180658+00:00"},{"Key":{"Id":"TestResult.EndTime","Label":"End Time","Category":"","Description":"","Attributes":0,"ValueType":"System.DateTimeOffset"},"Value":"2020-11-30T14:04:37.0180687+00:00"}]},{"TestCase":{"Properties":[{"Key":{"Id":"TestCase.FullyQualifiedName","Label":"FullyQualifiedName","Category":"","Description":"","Attributes":1,"ValueType":"System.String"},"Value":"TDD.Test.Service.CustomerServiceTest.Inserir_ErrorEmptyName_ShoulBe400BadRequest"},{"Key":{"Id":"TestCase.ExecutorUri","Label":"Executor Uri","Category":"","Description":"","Attributes":1,"ValueType":"System.Uri"},"Value":"executor://xunit/VsTestRunner2/netcoreapp"},{"Key":{"Id":"TestCase.Source","Label":"Source","Category":"","Description":"","Attributes":0,"ValueType":"System.String"},"Value":"C:\\Users\\User\\source\\repos\\CapgeminiTDD\\TDD.Test\\bin\\Debug\\fine-code-coverage\\TDD.Test.dll"},{"Key":{"Id":"TestCase.CodeFilePath","Label":"File Path","Category":"","Description":"","Attributes":0,"ValueType":"System.String"},"Value":null},{"Key":{"Id":"TestCase.DisplayName","Label":"Name","Category":"","Description":"","Attributes":0,"ValueType":"System.String"},"Value":"TDD.Test.Service.CustomerServiceTest.Inserir_ErrorEmptyName_ShoulBe400BadRequest"},{"Key":{"Id":"TestCase.Id","Label":"Id","Category":"","Description":"","Attributes":1,"ValueType":"System.Guid"},"Value":"01db8ed0-b593-b4e2-dbb9-cc389d13e742"},{"Key":{"Id":"TestCase.LineNumber","Label":"Line Number","Category":"","Description":"","Attributes":1,"ValueType":"System.Int32"},"Value":0}]},"Attachments":[],"Messages":[],"Properties":[{"Key":{"Id":"TestResult.Outcome","Label":"Outcome","Category":"","Description":"","Attributes":0,"ValueType":"Microsoft.VisualStudio.TestPlatform.ObjectModel.TestOutcome, Microsoft.VisualStudio.TestPlatform.ObjectModel, Version=15.0.0.0, Culture=neutral, PublicKeyToken=b03f5f7f11d50a3a"},"Value":1},{"Key":{"Id":"TestResult.ErrorMessage","Label":"Error Message","Category":"","Description":"","Attributes":0,"ValueType":"System.String"},"Value":null},{"Key":{"Id":"TestResult.ErrorStackTrace","Label":"Error Stack Trace","Category":"","Description":"","Attributes":0,"ValueType":"System.String"},"Value":null},{"Key":{"Id":"TestResult.DisplayName","Label":"TestResult Display Name","Category":"","Description":"","Attributes":1,"ValueType":"System.String"},"Value":"TDD.Test.Service.CustomerServiceTest.Inserir_ErrorEmptyName_ShoulBe400BadRequest"},{"Key":{"Id":"TestResult.ComputerName","Label":"Computer Name","Category":"","Description":"","Attributes":0,"ValueType":"System.String"},"Value":"DANILO"},{"Key":{"Id":"TestResult.Duration","Label":"Duration","Category":"","Description":"","Attributes":0,"ValueType":"System.TimeSpan"},"Value":"00:00:00.0008395"},{"Key":{"Id":"TestResult.StartTime","Label":"Start Time","Category":"","Description":"","Attributes":0,"ValueType":"System.DateTimeOffset"},"Value":"2020-11-30T14:04:37.0212031+00:00"},{"Key":{"Id":"TestResult.EndTime","Label":"End Time","Category":"","Description":"","Attributes":0,"ValueType":"System.DateTimeOffset"},"Value":"2020-11-30T14:04:37.0212065+00:00"}]}],"TestRunStatistics":{"ExecutedTests":5,"Stats":{"Passed":5}},"ActiveTests":[]},"RunAttachments":[],"ExecutorUris":["executor://xunit/VsTestRunner2/netcoreapp"]}}
TpTrace Verbose: 0 : 33172, 4, 2020/11/30, 11:04:37.084, 14226535443191, vstest.console.dll, TestRequestSender.EndSession: Sending end session.
TpTrace Verbose: 0 : 33172, 4, 2020/11/30, 11:04:37.084, 14226535444540, vstest.console.dll, ProxyOperationManager.Close: waiting for test host to exit for 100 ms
TpTrace Warning: 0 : 33172, 10, 2020/11/30, 11:04:37.137, 14226535976543, vstest.console.dll, TestHostManagerCallbacks.ErrorReceivedCallback Test host standard error line: 
TpTrace Verbose: 0 : 33172, 11, 2020/11/30, 11:04:37.162, 14226536228303, vstest.console.dll, TestHostProvider.ExitCallBack: Host exited starting callback.
TpTrace Information: 0 : 33172, 11, 2020/11/30, 11:04:37.163, 14226536235508, vstest.console.dll, TestHostManagerCallbacks.ExitCallBack: Testhost processId: 6584 exited with exitcode: 0 error: ''
TpTrace Verbose: 0 : 33172, 11, 2020/11/30, 11:04:37.163, 14226536236614, vstest.console.dll, DotnetTestHostManager.OnHostExited: invoking OnHostExited callback
TpTrace Verbose: 0 : 33172, 11, 2020/11/30, 11:04:37.163, 14226536237412, vstest.console.dll, CrossPlatEngine.TestHostManagerHostExited: calling on client process exit callback.
TpTrace Information: 0 : 33172, 11, 2020/11/30, 11:04:37.163, 14226536238194, vstest.console.dll, TestRequestSender.OnClientProcessExit: Test host process exited. Standard error: 
TpTrace Warning: 0 : 33172, 4, 2020/11/30, 11:04:37.163, 14226536238355, vstest.console.dll, ProxyOperationManager: Timed out waiting for test host to exit. Will terminate process.
TpTrace Information: 0 : 33172, 11, 2020/11/30, 11:04:37.163, 14226536238834, vstest.console.dll, SocketServer.Stop: Stop server endPoint: 127.0.0.1:61636
TpTrace Information: 0 : 33172, 11, 2020/11/30, 11:04:37.163, 14226536240216, vstest.console.dll, SocketServer.Stop: Cancellation requested. Stopping message loop.
TpTrace Verbose: 0 : 33172, 4, 2020/11/30, 11:04:37.165, 14226536256892, vstest.console.dll, ProxyDataCollectionManager.InvokeDataCollectionServiceAction: Starting.
TpTrace Information: 0 : 33172, 4, 2020/11/30, 11:04:37.165, 14226536258017, vstest.console.dll, ProxyDataCollectionManager.AfterTestRunEnd: Get attachment set for datacollector processId: 2584 port: 61631
TpTrace Verbose: 0 : 33172, 4, 2020/11/30, 11:04:37.165, 14226536258913, vstest.console.dll, DataCollectionRequestSender.SendAfterTestRunStartAndGetResult : Send AfterTestRunEnd message with isCancelled: False
TpTrace Verbose: 0 : 33172, 4, 2020/11/30, 11:04:37.171, 14226536321611, vstest.console.dll, DataCollectionRequestSender.SendAfterTestRunStartAndGetResult : Received message: (DataCollection.SendMessage) -> {
  "FriendlyName": "Blame",
  "Uri": "datacollector://Microsoft/TestPlatform/Extensions/Blame/v1",
  "TestCaseId": "00000000-0000-0000-0000-000000000000",
  "Message": "All tests finished running, Sequence file will not be generated.",
  "Level": 1
}
TpTrace Verbose: 0 : 33172, 4, 2020/11/30, 11:04:37.172, 14226536324111, vstest.console.dll, TestRunRequest:SendTestRunMessage: Starting.
TpTrace Information: 0 : 33172, 4, 2020/11/30, 11:04:37.172, 14226536324846, vstest.console.dll, TestRunRequest:SendTestRunMessage: Completed.
TpTrace Verbose: 0 : 33172, 4, 2020/11/30, 11:04:37.172, 14226536326474, vstest.console.dll, DataCollectionRequestSender.SendAfterTestRunStartAndGetResult : Received message: (DataCollection.AfterTestRunEndResult) -> []
TpTrace Information: 0 : 33172, 4, 2020/11/30, 11:04:37.175, 14226536355662, vstest.console.dll, ProxyDataCollectionManager.InvokeDataCollectionServiceAction: Completed.
TpTrace Warning: 0 : 33172, 9, 2020/11/30, 11:04:37.185, 14226536455725, vstest.console.dll, DataCollectionLauncher.ErrorReceivedCallback datacollector standard error line: 
TpTrace Information: 0 : 33172, 11, 2020/11/30, 11:04:37.203, 14226536638036, vstest.console.dll, DataCollectionLauncher.ExitCallBack: Data collector exited with exitcode: 0 error: ''
TpTrace Verbose: 0 : 33172, 4, 2020/11/30, 11:04:37.243, 14226537037608, vstest.console.dll, TestRunRequest:SendTestRunStatsChange: Starting.
TpTrace Information: 0 : 33172, 4, 2020/11/30, 11:04:37.243, 14226537039706, vstest.console.dll, TestRunRequest:SendTestRunStatsChange: Completed.
TpTrace Verbose: 0 : 33172, 4, 2020/11/30, 11:04:37.243, 14226537041053, vstest.console.dll, ParallelProxyExecutionManager: HandlePartialRunComplete: Total completed clients = 1, Run complete = True, Run canceled: False.
TpTrace Verbose: 0 : 33172, 4, 2020/11/30, 11:04:37.260, 14226537204662, vstest.console.dll, TestRunRequest:TestRunComplete: Starting. IsAborted:False IsCanceled:False.
TpTrace Verbose: 0 : 33172, 4, 2020/11/30, 11:04:37.260, 14226537206273, vstest.console.dll, TestLoggerManager.HandleTestRunComplete: Ignoring as the object is disposed.
TpTrace Information: 0 : 33172, 4, 2020/11/30, 11:04:37.260, 14226537209239, vstest.console.dll, TestRunRequest:TestRunComplete: Completed.
TpTrace Verbose: 0 : 33172, 1, 2020/11/30, 11:04:37.260, 14226537209409, vstest.console.dll, TestRunRequest.Dispose: Starting.
TpTrace Verbose: 0 : 33172, 4, 2020/11/30, 11:04:37.260, 14226537209848, vstest.console.dll, TestRequestSender.SetOperationComplete: Setting operation complete.
TpTrace Information: 0 : 33172, 1, 2020/11/30, 11:04:37.260, 14226537210378, vstest.console.dll, TestRunRequest.Dispose: Completed.
TpTrace Information: 0 : 33172, 4, 2020/11/30, 11:04:37.260, 14226537211109, vstest.console.dll, SocketServer.Stop: Stop server endPoint: 127.0.0.1:61636
TpTrace Information: 0 : 33172, 1, 2020/11/30, 11:04:37.260, 14226537211493, vstest.console.dll, TestRequestManager.RunTests: run tests completed.
TpTrace Information: 0 : 33172, 4, 2020/11/30, 11:04:37.261, 14226537211950, vstest.console.dll, SocketServer.Stop: Cancellation requested. Stopping message loop.
TpTrace Information: 0 : 33172, 1, 2020/11/30, 11:04:37.261, 14226537212684, vstest.console.dll, RunTestsArgumentProcessor:Execute: Test run is completed.
TpTrace Information: 0 : 33172, 4, 2020/11/30, 11:04:37.261, 14226537213616, vstest.console.dll, SocketServer.PrivateStop: Stop server endPoint: 127.0.0.1:61636 error: 
TpTrace Verbose: 0 : 33172, 1, 2020/11/30, 11:04:37.261, 14226537214303, vstest.console.dll, Executor.Execute: Exiting with exit code of 0
TpTrace Verbose: 0 : 33172, 4, 2020/11/30, 11:04:37.268, 14226537284767, vstest.console.dll, LengthPrefixCommunicationChannel.Dispose: Dispose reader and writer.
TpTrace Information: 0 : 33172, 4, 2020/11/30, 11:04:37.268, 14226537286170, vstest.console.dll, SocketServer.Stop: Raise disconnected event endPoint: 127.0.0.1:61636 error: 
TpTrace Verbose: 0 : 33172, 4, 2020/11/30, 11:04:37.268, 14226537287056, vstest.console.dll, TestRequestSender: OnTestRunAbort: Operation is already complete. Skip error message.
TpTrace Verbose: 0 : 33172, 4, 2020/11/30, 11:04:37.268, 14226537287492, vstest.console.dll, TcpClientExtensions.MessageLoopAsync: exiting MessageLoopAsync remoteEndPoint: 127.0.0.1:61637 localEndPoint: 127.0.0.1:61636
